(---------------------------------------------------------------------)
(                                                                     )
(    Compose Shapes                                                   )
(                                                                     )
(    Drawing          : extend-pcb.brd                                )
(    Software Version : 16.6-2015S065                                 )
(    Date/Time        : Wed Aug 24 02:20:37 2016                      )
(                                                                     )
(---------------------------------------------------------------------)


current class name(ETCH)
Get shape struct returns nil
A total of 0 shapes were created.
There are segments remaining which do not form a closed shape based on current gap settings.
Use the "Close Shape" option from the RMB popup to close any shape(s) left open.
current class name(ETCH)
Get shape struct returns nil
A total of 0 shapes were created.
There are segments remaining which do not form a closed shape based on current gap settings.
Use the "Close Shape" option from the RMB popup to close any shape(s) left open.
current class name(ETCH)
Find smallest gap failed. Be cautious, this may not be an error
A total of 1 shapes were created.
There are segments remaining which do not form a closed shape based on current gap settings.
Use the "Close Shape" option from the RMB popup to close any shape(s) left open.
Get shape struct returns nil
A total of 0 shapes were created.
There are segments remaining which do not form a closed shape based on current gap settings.
Use the "Close Shape" option from the RMB popup to close any shape(s) left open.
Get shape struct returns nil
A total of 0 shapes were created.
There are segments remaining which do not form a closed shape based on current gap settings.
Use the "Close Shape" option from the RMB popup to close any shape(s) left open.
Get shape struct returns nil
A total of 0 shapes were created.
There are segments remaining which do not form a closed shape based on current gap settings.
Use the "Close Shape" option from the RMB popup to close any shape(s) left open.
current class name(BOARD GEOMETRY)
Find smallest gap failed. Be cautious, this may not be an error
A total of 1 shapes were created.
There are segments remaining which do not form a closed shape based on current gap settings.
Use the "Close Shape" option from the RMB popup to close any shape(s) left open.
