(---------------------------------------------------------------------)
(                                                                     )
(    ARTWORK LOG                                                      )
(                                                                     )
(    Drawing          : extend-pcb.brd                                )
(    Software Version : 16.6-2015S065                                 )
(    Date/Time        : Sun Jun 12 12:36:26 2016                      )
(                                                                     )
(---------------------------------------------------------------------)


 ---- Photoplot outline rectangle not found; using drawing extents.




 Can't open parameter file ... using default values:
     DEVICE-TYPE        GERBER6X00
     G-CODES            NO
     STATIONS-PER-WHEEL 24
     FILM-SIZE          24000 16000
     COORDINATES        ABSOLUTE
     OUTPUT-UNITS       INCHES
     FORMAT             5.3
     ABORT-ON-ERROR     abort film & continue
     SUPPRESS-LEAD-ZEROES     YES
     SUPPRESS-TRAIL-ZEROES    NO
     OPTIMIZE           YES
     SUPPRESS-EQUAL     YES
     SCALE              1.0





================================================================
     PROCESSING FILM < TOP >
     TO FILE < E:/material/glass/workspace/hardware/5.glass v1.0/extend-pcb/TOP.art > ...
================================================================

  FILM PARAMETERS :
  ---------------------------------------------------------
  Undefined line width                1.000
  Mirror code                         NONE
  Rotate angle                        NONE
  Offset x:                           0.000
  Offset y:                           0.000
  Plot negative                       NO
  Suppress unconnected internal pads  NO
  Draw holes only                     NO

    WARNING: Segment with same start and end points at
	(1916.733 250.227) will be ignored. Increasing output
	accuracy may allow segment to be generated.

    WARNING: Segment with same start and end points at
	(1891.732 181.939) will be ignored. Increasing output
	accuracy may allow segment to be generated.

    WARNING: Segment with same start and end points at
	(1891.732 248.063) will be ignored. Increasing output
	accuracy may allow segment to be generated.



  APERTURES USED:
  ---------------------------------------------------------
  TYPE       SIZE/NAME                   ROT   MIRROR MODE 
  ---------------------------------------------------------
  CIRCLE     0.00039                                  DARK 
  CIRCLE     0.00394                                  DARK 
  CIRCLE     0.00800                                  DARK 
  CIRCLE     0.01200                                  DARK 
  CIRCLE     0.01600                                  DARK 
  CIRCLE     0.06299                                  DARK 
  SQUARE     0.06299                     0.000 NO     DARK 
  RECTANGLE  0.01378     x 0.00945      90.000 NO     DARK 
  RECTANGLE  0.01654     x 0.01181      90.000 NO     DARK 
  RECTANGLE  0.01772     x 0.00945      90.000 NO     DARK 
  RECTANGLE  0.01968     x 0.01850      90.000 NO     DARK 
  RECTANGLE  0.07874     x 0.03543       0.000 NO     DARK 
  RECTANGLE  0.07874     x 0.03543      90.000 NO     DARK 

     TOP created with warnings


================================================================
     PROCESSING FILM < BOTTOM >
     TO FILE < E:/material/glass/workspace/hardware/5.glass v1.0/extend-pcb/BOTTOM.art > ...
================================================================

  FILM PARAMETERS :
  ---------------------------------------------------------
  Undefined line width                1.000
  Mirror code                         NONE
  Rotate angle                        NONE
  Offset x:                           0.000
  Offset y:                           0.000
  Plot negative                       NO
  Suppress unconnected internal pads  NO
  Draw holes only                     NO

    WARNING: Segment with same start and end points at
	(781.974 492.122) will be ignored. Increasing output
	accuracy may allow segment to be generated.

    WARNING: Segment with same start and end points at
	(626.974 189.879) will be ignored. Increasing output
	accuracy may allow segment to be generated.

    WARNING: Segment with same start and end points at
	(328.425 123.464) will be ignored. Increasing output
	accuracy may allow segment to be generated.

    WARNING: Segment with same start and end points at
	(328.425 123.464) will be ignored. Increasing output
	accuracy may allow segment to be generated.

    WARNING: Segment with same start and end points at
	(1916.733 250.229) will be ignored. Increasing output
	accuracy may allow segment to be generated.

    WARNING: Segment with same start and end points at
	(1981.771 250.227) will be ignored. Increasing output
	accuracy may allow segment to be generated.

    WARNING: Segment with same start and end points at
	(231.575 123.464) will be ignored. Increasing output
	accuracy may allow segment to be generated.



  APERTURES USED:
  ---------------------------------------------------------
  TYPE       SIZE/NAME                   ROT   MIRROR MODE 
  ---------------------------------------------------------
  CIRCLE     0.00039                                  DARK 
  CIRCLE     0.00394                                  DARK 
  CIRCLE     0.00800                                  DARK 
  CIRCLE     0.01200                                  DARK 
  CIRCLE     0.01600                                  DARK 
  CIRCLE     0.03543                                  DARK 
  CIRCLE     0.06299                                  DARK 
  SQUARE     0.06299                     0.000 NO     DARK 
  RECTANGLE  0.01378     x 0.00945      90.000 NO     DARK 
  RECTANGLE  0.01378     x 0.01378       0.000 NO     DARK 
  RECTANGLE  0.01476     x 0.02520       0.000 NO     DARK 
  RECTANGLE  0.01476     x 0.02520      90.000 NO     DARK 
  RECTANGLE  0.01654     x 0.01181      90.000 NO     DARK 
  RECTANGLE  0.01673     x 0.03740      90.000 NO     DARK 
  RECTANGLE  0.01772     x 0.00945      90.000 NO     DARK 
  RECTANGLE  0.01968     x 0.01850      90.000 NO     DARK 
  RECTANGLE  0.04528     x 0.02953       0.000 NO     DARK 
  RECTANGLE  0.06299     x 0.03150      90.000 NO     DARK 
  OBLONG     0.03051     x 0.01575       0.000 NO     DARK 
  OBLONG     0.03051     x 0.01575      90.000 NO     DARK 
  OBLONG     0.03642     x 0.01181       0.000 NO     DARK 
  OBLONG     0.03642     x 0.01181      90.000 NO     DARK 
  PAD SHAPE  R320_260C20_TOP             0.000 YES    DARK 
  PAD SHAPE  S160C35_TOP               180.000 YES    DARK 

     BOTTOM created with warnings


================================================================
     PROCESSING FILM < SILKSCREEN_TOP >
     TO FILE < E:/material/glass/workspace/hardware/5.glass v1.0/extend-pcb/SILKSCREEN_TOP.art > ...
================================================================

  FILM PARAMETERS :
  ---------------------------------------------------------
  Undefined line width                1.000
  Mirror code                         NONE
  Rotate angle                        NONE
  Offset x:                           0.000
  Offset y:                           0.000
  Plot negative                       NO
  Suppress unconnected internal pads  NO
  Draw holes only                     NO



  APERTURES USED:
  ---------------------------------------------------------
  TYPE       SIZE/NAME                   ROT   MIRROR MODE 
  ---------------------------------------------------------
  CIRCLE     0.00394                                  DARK 
  CIRCLE     0.00787                                  DARK 
  CIRCLE     0.00984                                  DARK 

     SILKSCREEN_TOP created with warnings


================================================================
     PROCESSING FILM < SILKSCREEN_BOTTOM >
     TO FILE < E:/material/glass/workspace/hardware/5.glass v1.0/extend-pcb/SILKSCREEN_BOTTOM.art > ...
================================================================

  FILM PARAMETERS :
  ---------------------------------------------------------
  Undefined line width                1.000
  Mirror code                         NONE
  Rotate angle                        NONE
  Offset x:                           0.000
  Offset y:                           0.000
  Plot negative                       NO
  Suppress unconnected internal pads  NO
  Draw holes only                     NO



  APERTURES USED:
  ---------------------------------------------------------
  TYPE       SIZE/NAME                   ROT   MIRROR MODE 
  ---------------------------------------------------------
  CIRCLE     0.00394                                  DARK 
  CIRCLE     0.00400                                  DARK 
  CIRCLE     0.00787                                  DARK 
  CIRCLE     0.00800                                  DARK 
  CIRCLE     0.00984                                  DARK 

     SILKSCREEN_BOTTOM created with warnings


================================================================
     PROCESSING FILM < PASTEMASK_TOP >
     TO FILE < E:/material/glass/workspace/hardware/5.glass v1.0/extend-pcb/PASTEMASK_TOP.art > ...
================================================================

  FILM PARAMETERS :
  ---------------------------------------------------------
  Undefined line width                1.000
  Mirror code                         NONE
  Rotate angle                        NONE
  Offset x:                           0.000
  Offset y:                           0.000
  Plot negative                       NO
  Suppress unconnected internal pads  NO
  Draw holes only                     NO



  APERTURES USED:
  ---------------------------------------------------------
  TYPE       SIZE/NAME                   ROT   MIRROR MODE 
  ---------------------------------------------------------
  RECTANGLE  0.01378     x 0.00945      90.000 NO     DARK 
  RECTANGLE  0.01654     x 0.01181      90.000 NO     DARK 
  RECTANGLE  0.01772     x 0.00945      90.000 NO     DARK 
  RECTANGLE  0.01968     x 0.01850      90.000 NO     DARK 
  RECTANGLE  0.07874     x 0.03543       0.000 NO     DARK 
  RECTANGLE  0.07874     x 0.03543      90.000 NO     DARK 

     PASTEMASK_TOP created with warnings


================================================================
     PROCESSING FILM < PASTEMASK_BOTTOM >
     TO FILE < E:/material/glass/workspace/hardware/5.glass v1.0/extend-pcb/PASTEMASK_BOTTOM.art > ...
================================================================

  FILM PARAMETERS :
  ---------------------------------------------------------
  Undefined line width                1.000
  Mirror code                         NONE
  Rotate angle                        NONE
  Offset x:                           0.000
  Offset y:                           0.000
  Plot negative                       NO
  Suppress unconnected internal pads  NO
  Draw holes only                     NO



  APERTURES USED:
  ---------------------------------------------------------
  TYPE       SIZE/NAME                   ROT   MIRROR MODE 
  ---------------------------------------------------------
  CIRCLE     0.03543                                  DARK 
  RECTANGLE  0.01378     x 0.00945      90.000 NO     DARK 
  RECTANGLE  0.01378     x 0.01378       0.000 NO     DARK 
  RECTANGLE  0.01476     x 0.02520       0.000 NO     DARK 
  RECTANGLE  0.01476     x 0.02520      90.000 NO     DARK 
  RECTANGLE  0.01654     x 0.01181      90.000 NO     DARK 
  RECTANGLE  0.01673     x 0.03740      90.000 NO     DARK 
  RECTANGLE  0.01772     x 0.00945      90.000 NO     DARK 
  RECTANGLE  0.01968     x 0.01850      90.000 NO     DARK 
  RECTANGLE  0.04528     x 0.02953       0.000 NO     DARK 
  RECTANGLE  0.06299     x 0.03150      90.000 NO     DARK 
  OBLONG     0.03051     x 0.01575       0.000 NO     DARK 
  OBLONG     0.03051     x 0.01575      90.000 NO     DARK 
  OBLONG     0.03642     x 0.01181       0.000 NO     DARK 
  OBLONG     0.03642     x 0.01181      90.000 NO     DARK 
  PAD SHAPE  R320_260C20_PM              0.000 YES    DARK 
  PAD SHAPE  S160C35_PM                180.000 YES    DARK 

     PASTEMASK_BOTTOM created with warnings


================================================================
     PROCESSING FILM < SOLDERMASK_TOP >
     TO FILE < E:/material/glass/workspace/hardware/5.glass v1.0/extend-pcb/SOLDERMASK_TOP.art > ...
================================================================

  FILM PARAMETERS :
  ---------------------------------------------------------
  Undefined line width                1.000
  Mirror code                         NONE
  Rotate angle                        NONE
  Offset x:                           0.000
  Offset y:                           0.000
  Plot negative                       NO
  Suppress unconnected internal pads  NO
  Draw holes only                     NO



  APERTURES USED:
  ---------------------------------------------------------
  TYPE       SIZE/NAME                   ROT   MIRROR MODE 
  ---------------------------------------------------------
  CIRCLE     0.06299                                  DARK 
  SQUARE     0.06299                     0.000 NO     DARK 
  RECTANGLE  0.01378     x 0.00945      90.000 NO     DARK 
  RECTANGLE  0.01654     x 0.01181      90.000 NO     DARK 
  RECTANGLE  0.01772     x 0.00945      90.000 NO     DARK 
  RECTANGLE  0.01968     x 0.01850      90.000 NO     DARK 
  RECTANGLE  0.07874     x 0.03543       0.000 NO     DARK 
  RECTANGLE  0.07874     x 0.03543      90.000 NO     DARK 

     SOLDERMASK_TOP created with warnings


================================================================
     PROCESSING FILM < SOLDERMASK_BOTTOM >
     TO FILE < E:/material/glass/workspace/hardware/5.glass v1.0/extend-pcb/SOLDERMASK_BOTTOM.art > ...
================================================================

  FILM PARAMETERS :
  ---------------------------------------------------------
  Undefined line width                1.000
  Mirror code                         NONE
  Rotate angle                        NONE
  Offset x:                           0.000
  Offset y:                           0.000
  Plot negative                       NO
  Suppress unconnected internal pads  NO
  Draw holes only                     NO



  APERTURES USED:
  ---------------------------------------------------------
  TYPE       SIZE/NAME                   ROT   MIRROR MODE 
  ---------------------------------------------------------
  CIRCLE     0.03543                                  DARK 
  CIRCLE     0.06299                                  DARK 
  SQUARE     0.06299                     0.000 NO     DARK 
  RECTANGLE  0.01378     x 0.00945      90.000 NO     DARK 
  RECTANGLE  0.01378     x 0.01378       0.000 NO     DARK 
  RECTANGLE  0.01476     x 0.02520       0.000 NO     DARK 
  RECTANGLE  0.01476     x 0.02520      90.000 NO     DARK 
  RECTANGLE  0.01654     x 0.01181      90.000 NO     DARK 
  RECTANGLE  0.01673     x 0.03740      90.000 NO     DARK 
  RECTANGLE  0.01772     x 0.00945      90.000 NO     DARK 
  RECTANGLE  0.01968     x 0.01850      90.000 NO     DARK 
  RECTANGLE  0.04528     x 0.02953       0.000 NO     DARK 
  RECTANGLE  0.06299     x 0.03150      90.000 NO     DARK 
  OBLONG     0.03051     x 0.01575       0.000 NO     DARK 
  OBLONG     0.03051     x 0.01575      90.000 NO     DARK 
  OBLONG     0.03642     x 0.01181       0.000 NO     DARK 
  OBLONG     0.03642     x 0.01181      90.000 NO     DARK 
  PAD SHAPE  R320_260C20_SM              0.000 YES    DARK 
  PAD SHAPE  S160C35_SM                180.000 YES    DARK 

     SOLDERMASK_BOTTOM created with warnings


================================================================
     PROCESSING FILM < DRILL >
     TO FILE < E:/material/glass/workspace/hardware/5.glass v1.0/extend-pcb/DRILL.art > ...
================================================================

  FILM PARAMETERS :
  ---------------------------------------------------------
  Undefined line width                1.000
  Mirror code                         NONE
  Rotate angle                        NONE
  Offset x:                           0.000
  Offset y:                           0.000
  Plot negative                       NO
  Suppress unconnected internal pads  NO
  Draw holes only                     NO

    WARNING: 0 width line found at (2210.000 48.000)
           ... using undefined line width of 1.000

    WARNING: Multiple 0 width lines; all will be treated the same as the first.
           ... using undefined line width of 1.000

    WARNING: text composed 0 width line found at (2659.500 860.500)
           ... using undefined line width of 1.000

    WARNING: text having Multiple 0 width lines; all will be treated the same as the first.
           ... using undefined line width of 1.000



  APERTURES USED:
  ---------------------------------------------------------
  TYPE       SIZE/NAME                   ROT   MIRROR MODE 
  ---------------------------------------------------------
  CIRCLE     0.00100                                  DARK 

     DRILL created with warnings


================================================================
     PROCESSING FILM < OUTLINE >
     TO FILE < E:/material/glass/workspace/hardware/5.glass v1.0/extend-pcb/OUTLINE.art > ...
================================================================

  FILM PARAMETERS :
  ---------------------------------------------------------
  Undefined line width                1.000
  Mirror code                         NONE
  Rotate angle                        NONE
  Offset x:                           0.000
  Offset y:                           0.000
  Plot negative                       NO
  Suppress unconnected internal pads  NO
  Draw holes only                     NO



  APERTURES USED:
  ---------------------------------------------------------
  TYPE       SIZE/NAME                   ROT   MIRROR MODE 
  ---------------------------------------------------------
  CIRCLE     0.00100                                  DARK 

     OUTLINE created with warnings


------------------------------------------------------
 SUMMARY:
        TOP created with warnings
        BOTTOM created with warnings
        SILKSCREEN_TOP created with warnings
        SILKSCREEN_BOTTOM created with warnings
        PASTEMASK_TOP created with warnings
        PASTEMASK_BOTTOM created with warnings
        SOLDERMASK_TOP created with warnings
        SOLDERMASK_BOTTOM created with warnings
        DRILL created with warnings
        OUTLINE created with warnings

 ARTWORK had warnings
