(---------------------------------------------------------------------)
(                                                                     )
(    QUICKPLACE LOG                                                   )
(                                                                     )
(    Drawing          : core.brd                                      )
(    Software Version : 16.6-2015S065                                 )
(    Date/Time        : Tue May 24 09:44:23 2016                      )
(                                                                     )
(---------------------------------------------------------------------)


State: Placing on layer TOP

         Placed symbol:  U1 / STM32F429_STM32F429-UFBGA176_(S / STM32F429-UFBGA176 at (239.783 831.256)
         Placed symbol:  U5 / MT48LC8M16A2_MT48LC8M16A2-VFBGA / MT48LC8M16A2-VFBGA54 at (614.397 785.980)
         Placed symbol:  U3 / RT5002_RT5002-QFN40_RT5002 / RT5002-QFN40 at (901.924 750.547)
         Placed symbol:  U2 / MPU6050_MPU6050-QFN_MPU6050 / MPU6050-QFN at (1135.317 731.846)
         Placed symbol:  F1 / FPC-22_FPC-22_FPC-22 / FPC-22 at (105.925 1083.390)
         Placed symbol:  J2 / CONN RECT 11X2_MOLEX-BTB-18P-B_ / MOLEX-BTB-18P-B at (751.720 1112.886)
         Placed symbol:  U4 / MAX17048_MAX17048-TDFN8_MAX1704 / MAX17048-TDFN8 at (940.823 1097.918)
         Placed symbol:  J1 / MICRO-USB_MICRO-USB_MICRO-USB / MICRO-USB at (1175.202 1130.004)
         Placed symbol:  U6 / W25Q256_W25Q256-SON_W25Q256 / W25Q256-SON at (1536.549 1171.343)
         Placed symbol:  O1 / OSC-N_OSC-2016_25M / OSC-2016 at (45.394 1351.724)
         Placed symbol:  C18 / CAP_0402_0.1UF / 0402 at (125.048 1330.366)
         Placed symbol:  C2 / CAP_0402_0.1UF / 0402 at (200.568 1330.366)
         Placed symbol:  C25 / CAP_0402_0.1UF / 0402 at (276.088 1330.366)
         Placed symbol:  C34 / CAP_0402_0.1UF / 0402 at (351.608 1330.366)
         Placed symbol:  C36 / CAP_0402_0.1UF / 0402 at (427.128 1330.366)
         Placed symbol:  C37 / CAP_0402_0.1UF / 0402 at (502.648 1330.366)
         Placed symbol:  C38 / CAP_0402_0.1UF / 0402 at (578.168 1330.366)
         Placed symbol:  C16 / CAP_0402_0.1UF / 0402 at (653.688 1330.366)
         Placed symbol:  C14 / CAP_0402_0.1UF / 0402 at (729.208 1330.366)
         Placed symbol:  C41 / CAP_0402_0.1UF / 0402 at (804.728 1330.366)
         Placed symbol:  C42 / CAP_0402_0.1UF / 0402 at (880.248 1330.366)
         Placed symbol:  C43 / CAP_0402_0.1UF / 0402 at (955.768 1330.366)
         Placed symbol:  C44 / CAP_0402_0.1UF / 0402 at (1031.288 1330.366)
         Placed symbol:  C45 / CAP_0402_0.1UF / 0402 at (1106.808 1330.366)
         Placed symbol:  C7 / CAP_0402_0.1UF / 0402 at (1182.328 1330.366)
         Placed symbol:  C8 / CAP_0402_0.1UF / 0402 at (1257.848 1330.366)
         Placed symbol:  C39 / CAP_0402_0.1UF / 0402 at (1333.368 1330.366)
         Placed symbol:  C40 / CAP_0402_0.1UF / 0402 at (1408.888 1330.366)
         Placed symbol:  C17 / CAP_0603_4.7UF / 0603 at (1496.416 1336.468)
         Placed symbol:  C19 / CAP_0603_4.7UF / 0603 at (1595.952 1336.468)
         Placed symbol:  C9 / CAP_0402_0.1UF / 0402 at (1683.480 1330.366)
         Placed symbol:  C22 / CAP_0603_4.7UF / 0603 at (53.268 1439.350)
         Placed symbol:  C23 / CAP_0603_4.7UF / 0603 at (152.804 1439.350)
         Placed symbol:  C24 / CAP_0603_4.7UF / 0603 at (252.340 1439.350)
         Placed symbol:  C27 / CAP_0603_4.7UF / 0603 at (351.876 1439.350)
         Placed symbol:  C29 / CAP_0603_4.7UF / 0603 at (451.412 1439.350)
         Placed symbol:  C30 / CAP_0603_4.7UF / 0603 at (550.948 1439.350)
         Placed symbol:  C32 / CAP_0603_4.7UF / 0603 at (650.484 1439.350)
         Placed symbol:  C20 / CAP_0402_4.7PF / 0402 at (738.012 1433.248)
         Placed symbol:  C26 / CAP_0402_33PF / 0402 at (813.532 1433.248)
         Placed symbol:  C3 / CAP_0402_20PF / 0402 at (889.052 1433.248)
         Placed symbol:  C4 / CAP_0402_20PF / 0402 at (964.572 1433.248)
         Placed symbol:  C31 / CAP_0603_2.2UF / 0603 at (1052.100 1439.350)
         Placed symbol:  C5 / CAP_0402_12PF / 0402 at (1139.628 1433.248)
         Placed symbol:  C12 / CAP_0402_0.1UF / 0402 at (1215.148 1433.248)
         Placed symbol:  C15 / CAP_0603_4.7UF / 0603 at (1302.676 1439.350)
         Placed symbol:  C11 / CAP_0402_0.1UF / 0402 at (1390.204 1433.248)
         Placed symbol:  C21 / CAP_0603_4.7UF / 0603 at (1477.732 1439.350)
         Placed symbol:  C10 / CAP_0402_0.1UF / 0402 at (1565.260 1433.248)
         Placed symbol:  L1 / INDUCTOR_0402_100NH / 0402 at (1640.780 1433.248)
         Placed symbol:  L2 / INDUCTOR_0806_2.2UH / 0806 at (63.110 1520.184)
         Placed symbol:  L3 / INDUCTOR_0806_2.2UH / 0806 at (182.330 1520.184)
         Placed symbol:  L4 / INDUCTOR_0806_2.2UH / 0806 at (301.550 1520.184)
         Placed symbol:  L5 / INDUCTOR_0806_2.2UH / 0806 at (420.770 1520.184)
         Placed symbol:  C13 / CAP_0402_0.1UF / 0402 at (518.140 1498.334)
         Placed symbol:  O2 / OSC-CLK_OSC-2012_32.768K / OSC-2012 at (614.526 1512.310)
         Placed symbol:  R1 / RES_0402_10K / 0402 at (710.912 1498.334)
         Placed symbol:  R2 / RES_0402_10K / 0402 at (786.432 1498.334)
         Placed symbol:  R25 / RES_0402_10K / 0402 at (861.952 1498.334)
         Placed symbol:  R26 / RES_0402_10K / 0402 at (937.472 1498.334)
         Placed symbol:  R27 / RES_0402_10K / 0402 at (1012.992 1498.334)
         Placed symbol:  R28 / RES_0402_10K / 0402 at (1088.512 1498.334)
         Placed symbol:  R3 / RES_0402_10K / 0402 at (1164.032 1498.334)
         Placed symbol:  R4 / RES_0402_10K / 0402 at (1239.552 1498.334)
         Placed symbol:  R5 / RES_0402_10K / 0402 at (1315.072 1498.334)
         Placed symbol:  R6 / RES_0402_10K / 0402 at (1390.592 1498.334)
         Placed symbol:  R7 / RES_0402_10K / 0402 at (1466.112 1498.334)
         Placed symbol:  R8 / RES_0402_10K / 0402 at (1541.632 1498.334)
         Placed symbol:  R9 / RES_0402_10K / 0402 at (1617.152 1498.334)
         Placed symbol:  R10 / RES_0402_1K / 0402 at (1692.672 1498.334)
         Placed symbol:  R11 / RES_0402_160K / 0402 at (41.260 1594.916)
         Placed symbol:  R12 / RES_0402_30K / 0402 at (116.780 1594.916)
         Placed symbol:  R13 / RES_0402_470K / 0402 at (192.300 1594.916)
         Placed symbol:  R15 / RES_0402_470K / 0402 at (267.820 1594.916)
         Placed symbol:  R14 / RES_0402_150K / 0402 at (343.340 1594.916)
         Placed symbol:  R16 / RES_0402_220K / 0402 at (418.860 1594.916)
         Placed symbol:  R20 / RES_0402_220K / 0402 at (494.380 1594.916)
         Placed symbol:  R17 / RES_0402_22 / 0402 at (569.900 1594.916)
         Placed symbol:  R18 / RES_0402_22 / 0402 at (645.420 1594.916)
         Placed symbol:  R19 / RES_0402_10 / 0402 at (720.940 1594.916)
         Placed symbol:  R21 / RES_0402_0 / 0402 at (796.460 1594.916)
         Placed symbol:  R22 / RES_0402_1.5K / 0402 at (871.980 1594.916)
         Placed symbol:  R23 / RES_0402_100K / 0402 at (947.500 1594.916)
         Placed symbol:  R24 / RES_0402_100K / 0402 at (1023.020 1594.916)
         Placed symbol:  C35 / CAP_0402_1UF / 0402 at (1098.540 1594.916)
         Placed symbol:  C33 / CAP_0402_1UF / 0402 at (1174.060 1594.916)
         Placed symbol:  C28 / CAP_0402_1UF / 0402 at (1249.580 1594.916)
         Placed symbol:  C6 / CAP_0402_12PF / 0402 at (1325.100 1594.916)
         Placed symbol:  D1 / LED_0603_LED / 0603 at (1412.628 1601.018)
         Placed symbol:  C1 / CAP_0402_1UF / 0402 at (1500.156 1594.916)


Placed 90 of 90 applicable (90 total) symbols.

-----------------------------------------------------------------------

